<?xml version="1.0" encoding="UTF-8"?>
<testng-results ignored="0" total="1" passed="1" failed="0" skipped="0">
  <reporter-output>
  </reporter-output>
  <suite started-at="2024-04-28T17:23:21 IST" name="Default suite" finished-at="2024-04-28T17:23:34 IST" duration-ms="12659">
    <groups>
    </groups>
    <test started-at="2024-04-28T17:23:21 IST" name="Default test" finished-at="2024-04-28T17:23:34 IST" duration-ms="12659">
      <class name="StarAgileAssignments.Assignment4">
        <test-method is-config="true" signature="beforeTest()[pri:0, instance:StarAgileAssignments.Assignment4@6283d8b8]" started-at="2024-04-28T17:23:21 IST" name="beforeTest" finished-at="2024-04-28T17:23:32 IST" duration-ms="10387" status="PASS">
          <reporter-output>
          </reporter-output>
        </test-method> <!-- beforeTest -->
        <test-method signature="f()[pri:0, instance:StarAgileAssignments.Assignment4@6283d8b8]" started-at="2024-04-28T17:23:32 IST" name="f" finished-at="2024-04-28T17:23:34 IST" duration-ms="2235" status="PASS">
          <reporter-output>
          </reporter-output>
        </test-method> <!-- f -->
        <test-method is-config="true" signature="afterTest()[pri:0, instance:StarAgileAssignments.Assignment4@6283d8b8]" started-at="2024-04-28T17:23:34 IST" name="afterTest" finished-at="2024-04-28T17:23:34 IST" duration-ms="0" status="PASS">
          <reporter-output>
          </reporter-output>
        </test-method> <!-- afterTest -->
      </class> <!-- StarAgileAssignments.Assignment4 -->
    </test> <!-- Default test -->
  </suite> <!-- Default suite -->
</testng-results>
