<?xml version="1.0" encoding="UTF-8"?>
<testng-results ignored="0" total="1" passed="1" failed="0" skipped="0">
  <reporter-output>
  </reporter-output>
  <suite started-at="2024-05-06T15:55:18 IST" name="Default suite" finished-at="2024-05-06T15:55:49 IST" duration-ms="30839">
    <groups>
    </groups>
    <test started-at="2024-05-06T15:55:18 IST" name="Default test" finished-at="2024-05-06T15:55:49 IST" duration-ms="30839">
      <class name="com.CRM.TestCases.LoginPageTest">
        <test-method is-config="true" signature="setUpBrowser()[pri:0, instance:com.CRM.TestCases.LoginPageTest@2e6a8155]" started-at="2024-05-06T15:55:18 IST" name="setUpBrowser" finished-at="2024-05-06T15:55:44 IST" duration-ms="26438" status="PASS">
          <reporter-output>
          </reporter-output>
        </test-method> <!-- setUpBrowser -->
        <test-method is-config="true" signature="pageSetUp()[pri:0, instance:com.CRM.TestCases.LoginPageTest@2e6a8155]" started-at="2024-05-06T15:55:45 IST" name="pageSetUp" finished-at="2024-05-06T15:55:46 IST" duration-ms="1562" status="PASS">
          <reporter-output>
          </reporter-output>
        </test-method> <!-- pageSetUp -->
        <test-method signature="validateLogin()[pri:0, instance:com.CRM.TestCases.LoginPageTest@2e6a8155]" started-at="2024-05-06T15:55:46 IST" name="validateLogin" finished-at="2024-05-06T15:55:49 IST" duration-ms="2384" status="PASS">
          <reporter-output>
          </reporter-output>
        </test-method> <!-- validateLogin -->
      </class> <!-- com.CRM.TestCases.LoginPageTest -->
    </test> <!-- Default test -->
  </suite> <!-- Default suite -->
</testng-results>
